0 info it worked if it ends with ok
1 verbose cli [ '/usr/bin/nodejs', '/home/nicolas/.node/bin/npm', 'start' ]
2 info using npm@3.10.9
3 info using node@v8.2.1
4 verbose run-script [ 'prestart', 'start', 'poststart' ]
5 info lifecycle crowdsale-backend@0.1.0~prestart: crowdsale-backend@0.1.0
6 silly lifecycle crowdsale-backend@0.1.0~prestart: no script for prestart, continuing
7 info lifecycle crowdsale-backend@0.1.0~start: crowdsale-backend@0.1.0
8 verbose lifecycle crowdsale-backend@0.1.0~start: unsafe-perm in lifecycle true
9 verbose lifecycle crowdsale-backend@0.1.0~start: PATH: /home/nicolas/.node/lib/node_modules/npm/bin/node-gyp-bin:/home/nicolas/Workspace/Ethcore/crowdsale-website/backend/node_modules/.bin:/home/nicolas/.cargo/bin:/opt/pplatex:/home/nicolas/.node/bin:/usr/local/heroku/bin:/usr/games:/home/nicolas/.node/bin:/usr/local/heroku/bin:/home/nicolas/.gvm/vertx/current/bin:/home/nicolas/.gvm/springboot/current/bin:/home/nicolas/.gvm/lazybones/current/bin:/home/nicolas/.gvm/jbake/current/bin:/home/nicolas/.gvm/groovyserv/current/bin:/home/nicolas/.gvm/groovy/current/bin:/home/nicolas/.gvm/griffon/current/bin:/home/nicolas/.gvm/grails/current/bin:/home/nicolas/.gvm/gradle/current/bin:/home/nicolas/.gvm/glide/current/bin:/home/nicolas/.gvm/gaiden/current/bin:/home/nicolas/.gvm/crash/current/bin:/home/nicolas/.gvm/asciidoctorj/current/bin:/usr/games:/usr/local/sbin:/usr/local/bin:/usr/sbin:/usr/bin:/sbin:/bin:/usr/games:/usr/local/games:/home/nicolas/Android/Sdk/tools:/home/nicolas/Android/Sdk/platform-tools:/opt/scala/bin
10 verbose lifecycle crowdsale-backend@0.1.0~start: CWD: /home/nicolas/Workspace/Ethcore/crowdsale-website/backend
11 silly lifecycle crowdsale-backend@0.1.0~start: Args: [ '-c', 'node src/main.js' ]
12 silly lifecycle crowdsale-backend@0.1.0~start: Returned: code: 1  signal: null
13 info lifecycle crowdsale-backend@0.1.0~start: Failed to exec start script
14 verbose stack Error: crowdsale-backend@0.1.0 start: `node src/main.js`
14 verbose stack Exit status 1
14 verbose stack     at EventEmitter.<anonymous> (/home/nicolas/.node/lib/node_modules/npm/lib/utils/lifecycle.js:255:16)
14 verbose stack     at emitTwo (events.js:125:13)
14 verbose stack     at EventEmitter.emit (events.js:213:7)
14 verbose stack     at ChildProcess.<anonymous> (/home/nicolas/.node/lib/node_modules/npm/lib/utils/spawn.js:40:14)
14 verbose stack     at emitTwo (events.js:125:13)
14 verbose stack     at ChildProcess.emit (events.js:213:7)
14 verbose stack     at maybeClose (internal/child_process.js:921:16)
14 verbose stack     at Process.ChildProcess._handle.onexit (internal/child_process.js:211:5)
15 verbose pkgid crowdsale-backend@0.1.0
16 verbose cwd /home/nicolas/Workspace/Ethcore/crowdsale-website/backend
17 error Linux 4.4.0-84-generic
18 error argv "/usr/bin/nodejs" "/home/nicolas/.node/bin/npm" "start"
19 error node v8.2.1
20 error npm  v3.10.9
21 error code ELIFECYCLE
22 error crowdsale-backend@0.1.0 start: `node src/main.js`
22 error Exit status 1
23 error Failed at the crowdsale-backend@0.1.0 start script 'node src/main.js'.
23 error Make sure you have the latest version of node.js and npm installed.
23 error If you do, this is most likely a problem with the crowdsale-backend package,
23 error not with npm itself.
23 error Tell the author that this fails on your system:
23 error     node src/main.js
23 error You can get information on how to open an issue for this project with:
23 error     npm bugs crowdsale-backend
23 error Or if that isn't available, you can get their info via:
23 error     npm owner ls crowdsale-backend
23 error There is likely additional logging output above.
24 verbose exit [ 1, true ]
